<?xml version="1.0" encoding="UTF-8"?>
<testng-results skipped="0" failed="0" ignored="0" total="1" passed="1">
  <reporter-output>
  </reporter-output>
  <suite name="Default suite" duration-ms="35" started-at="2020-04-09T18:02:16 IST" finished-at="2020-04-09T18:02:16 IST">
    <groups>
    </groups>
    <test name="Default test" duration-ms="35" started-at="2020-04-09T18:02:16 IST" finished-at="2020-04-09T18:02:16 IST">
      <class name="com.clarion.promise.TestClass">
        <test-method status="PASS" signature="TC1()[pri:0, instance:com.clarion.promise.TestClass@131276c2]" name="TC1" duration-ms="7" started-at="2020-04-09T18:02:16 IST" finished-at="2020-04-09T18:02:16 IST">
          <reporter-output>
          </reporter-output>
        </test-method> <!-- TC1 -->
      </class> <!-- com.clarion.promise.TestClass -->
    </test> <!-- Default test -->
  </suite> <!-- Default suite -->
</testng-results>
